<?xml version="1.0" encoding="UTF-8"?>
<coverage generated="1758570793589" clover="3.2.0">
  <project timestamp="1758570793589" name="All files">
    <metrics statements="69" coveredstatements="63" conditionals="29" coveredconditionals="22" methods="22" coveredmethods="22" elements="120" coveredelements="107" complexity="0" loc="69" ncloc="69" packages="2" files="7" classes="7"/>
    <package name="src">
      <metrics statements="40" coveredstatements="37" conditionals="21" coveredconditionals="17" methods="8" coveredmethods="8"/>
      <file name="compare-objects.js" path="C:\Users\79192\Desktop\Project Difference Calculator\qa-auto-engineer-javascript-project-87\src\compare-objects.js">
        <metrics statements="25" coveredstatements="22" conditionals="18" coveredconditionals="14" methods="3" coveredmethods="3"/>
        <line num="3" count="1" type="stmt"/>
        <line num="4" count="7" type="cond" truecount="1" falsecount="1"/>
        <line num="5" count="7" type="stmt"/>
        <line num="7" count="0" type="stmt"/>
        <line num="10" count="1" type="stmt"/>
        <line num="11" count="7" type="cond" truecount="2" falsecount="2"/>
        <line num="12" count="0" type="stmt"/>
        <line num="14" count="7" type="stmt"/>
        <line num="15" count="7" type="stmt"/>
        <line num="16" count="7" type="stmt"/>
        <line num="17" count="7" type="stmt"/>
        <line num="18" count="35" type="stmt"/>
        <line num="19" count="35" type="stmt"/>
        <line num="20" count="35" type="stmt"/>
        <line num="21" count="35" type="cond" truecount="2" falsecount="0"/>
        <line num="22" count="35" type="cond" truecount="4" falsecount="0"/>
        <line num="23" count="7" type="stmt"/>
        <line num="25" count="28" type="cond" truecount="2" falsecount="0"/>
        <line num="26" count="7" type="stmt"/>
        <line num="34" count="21" type="cond" truecount="2" falsecount="0"/>
        <line num="35" count="14" type="stmt"/>
        <line num="37" count="7" type="cond" truecount="1" falsecount="1"/>
        <line num="38" count="7" type="stmt"/>
        <line num="40" count="0" type="stmt"/>
        <line num="42" count="7" type="stmt"/>
      </file>
      <file name="gendiff.js" path="C:\Users\79192\Desktop\Project Difference Calculator\qa-auto-engineer-javascript-project-87\src\gendiff.js">
        <metrics statements="8" coveredstatements="8" conditionals="1" coveredconditionals="1" methods="4" coveredmethods="4"/>
        <line num="8" count="15" type="stmt"/>
        <line num="10" count="15" type="stmt"/>
        <line num="12" count="15" type="stmt"/>
        <line num="14" count="1" type="cond" truecount="1" falsecount="0"/>
        <line num="15" count="8" type="stmt"/>
        <line num="16" count="7" type="stmt"/>
        <line num="17" count="7" type="stmt"/>
        <line num="19" count="7" type="stmt"/>
      </file>
      <file name="parsers.js" path="C:\Users\79192\Desktop\Project Difference Calculator\qa-auto-engineer-javascript-project-87\src\parsers.js">
        <metrics statements="7" coveredstatements="7" conditionals="2" coveredconditionals="2" methods="1" coveredmethods="1"/>
        <line num="3" count="1" type="stmt"/>
        <line num="9" count="1" type="stmt"/>
        <line num="10" count="15" type="stmt"/>
        <line num="11" count="15" type="cond" truecount="2" falsecount="0"/>
        <line num="12" count="1" type="stmt"/>
        <line num="14" count="14" type="stmt"/>
        <line num="16" count="1" type="stmt"/>
      </file>
    </package>
    <package name="src.formatters">
      <metrics statements="29" coveredstatements="26" conditionals="8" coveredconditionals="5" methods="14" coveredmethods="14"/>
      <file name="index.js" path="C:\Users\79192\Desktop\Project Difference Calculator\qa-auto-engineer-javascript-project-87\src\formatters\index.js">
        <metrics statements="5" coveredstatements="5" conditionals="2" coveredconditionals="2" methods="1" coveredmethods="1"/>
        <line num="5" count="1" type="stmt"/>
        <line num="11" count="1" type="stmt"/>
        <line num="12" count="7" type="cond" truecount="2" falsecount="0"/>
        <line num="13" count="1" type="stmt"/>
        <line num="15" count="6" type="stmt"/>
      </file>
      <file name="json.js" path="C:\Users\79192\Desktop\Project Difference Calculator\qa-auto-engineer-javascript-project-87\src\formatters\json.js">
        <metrics statements="4" coveredstatements="3" conditionals="2" coveredconditionals="1" methods="1" coveredmethods="1"/>
        <line num="1" count="1" type="stmt"/>
        <line num="2" count="1" type="cond" truecount="1" falsecount="1"/>
        <line num="3" count="0" type="stmt"/>
        <line num="6" count="1" type="stmt"/>
      </file>
      <file name="plain.js" path="C:\Users\79192\Desktop\Project Difference Calculator\qa-auto-engineer-javascript-project-87\src\formatters\plain.js">
        <metrics statements="10" coveredstatements="9" conditionals="2" coveredconditionals="1" methods="6" coveredmethods="6"/>
        <line num="1" count="1" type="stmt"/>
        <line num="3" count="1" type="stmt"/>
        <line num="6" count="1" type="stmt"/>
        <line num="9" count="2" type="stmt"/>
        <line num="12" count="1" type="stmt"/>
        <line num="16" count="1" type="stmt"/>
        <line num="17" count="1" type="cond" truecount="1" falsecount="1"/>
        <line num="18" count="0" type="stmt"/>
        <line num="20" count="5" type="stmt"/>
        <line num="21" count="1" type="stmt"/>
      </file>
      <file name="stylish.js" path="C:\Users\79192\Desktop\Project Difference Calculator\qa-auto-engineer-javascript-project-87\src\formatters\stylish.js">
        <metrics statements="10" coveredstatements="9" conditionals="2" coveredconditionals="1" methods="6" coveredmethods="6"/>
        <line num="1" count="1" type="stmt"/>
        <line num="3" count="4" type="stmt"/>
        <line num="6" count="4" type="stmt"/>
        <line num="12" count="8" type="stmt"/>
        <line num="15" count="4" type="stmt"/>
        <line num="19" count="1" type="stmt"/>
        <line num="20" count="4" type="cond" truecount="1" falsecount="1"/>
        <line num="21" count="0" type="stmt"/>
        <line num="23" count="20" type="stmt"/>
        <line num="25" count="4" type="stmt"/>
      </file>
    </package>
  </project>
</coverage>
