{"C:\\Users\\79192\\Desktop\\Project Difference Calculator\\qa-auto-engineer-javascript-project-87\\src\\compare-objects.js": {"path":"C:\\Users\\79192\\Desktop\\Project Difference Calculator\\qa-auto-engineer-javascript-project-87\\src\\compare-objects.js","statementMap":{"0":{"start":{"line":3,"column":19},"end":{"line":8,"column":1}},"1":{"start":{"line":4,"column":2},"end":{"line":6,"column":3}},"2":{"start":{"line":5,"column":4},"end":{"line":5,"column":48}},"3":{"start":{"line":7,"column":2},"end":{"line":7,"column":15}},"4":{"start":{"line":10,"column":23},"end":{"line":43,"column":1}},"5":{"start":{"line":11,"column":2},"end":{"line":13,"column":3}},"6":{"start":{"line":12,"column":4},"end":{"line":12,"column":14}},"7":{"start":{"line":14,"column":18},"end":{"line":14,"column":61}},"8":{"start":{"line":15,"column":21},"end":{"line":15,"column":38}},"9":{"start":{"line":16,"column":27},"end":{"line":16,"column":51}},"10":{"start":{"line":17,"column":22},"end":{"line":41,"column":8}},"11":{"start":{"line":18,"column":21},"end":{"line":18,"column":45}},"12":{"start":{"line":19,"column":21},"end":{"line":19,"column":45}},"13":{"start":{"line":20,"column":24},"end":{"line":20,"column":47}},"14":{"start":{"line":21,"column":20},"end":{"line":21,"column":40}},"15":{"start":{"line":22,"column":4},"end":{"line":24,"column":5}},"16":{"start":{"line":23,"column":6},"end":{"line":23,"column":68}},"17":{"start":{"line":25,"column":4},"end":{"line":33,"column":5}},"18":{"start":{"line":26,"column":6},"end":{"line":32,"column":11}},"19":{"start":{"line":34,"column":4},"end":{"line":36,"column":5}},"20":{"start":{"line":35,"column":6},"end":{"line":35,"column":66}},"21":{"start":{"line":37,"column":4},"end":{"line":39,"column":5}},"22":{"start":{"line":38,"column":6},"end":{"line":38,"column":64}},"23":{"start":{"line":40,"column":4},"end":{"line":40,"column":15}},"24":{"start":{"line":42,"column":2},"end":{"line":42,"column":21}}},"fnMap":{"0":{"name":"(anonymous_0)","decl":{"start":{"line":3,"column":19},"end":{"line":3,"column":20}},"loc":{"start":{"line":3,"column":35},"end":{"line":8,"column":1}},"line":3},"1":{"name":"(anonymous_1)","decl":{"start":{"line":10,"column":23},"end":{"line":10,"column":24}},"loc":{"start":{"line":10,"column":39},"end":{"line":43,"column":1}},"line":10},"2":{"name":"(anonymous_2)","decl":{"start":{"line":17,"column":46},"end":{"line":17,"column":47}},"loc":{"start":{"line":17,"column":60},"end":{"line":41,"column":3}},"line":17}},"branchMap":{"0":{"loc":{"start":{"line":4,"column":2},"end":{"line":6,"column":3}},"type":"if","locations":[{"start":{"line":4,"column":2},"end":{"line":6,"column":3}},{"start":{},"end":{}}],"line":4},"1":{"loc":{"start":{"line":11,"column":2},"end":{"line":13,"column":3}},"type":"if","locations":[{"start":{"line":11,"column":2},"end":{"line":13,"column":3}},{"start":{},"end":{}}],"line":11},"2":{"loc":{"start":{"line":11,"column":6},"end":{"line":11,"column":42}},"type":"binary-expr","locations":[{"start":{"line":11,"column":6},"end":{"line":11,"column":22}},{"start":{"line":11,"column":26},"end":{"line":11,"column":42}}],"line":11},"3":{"loc":{"start":{"line":21,"column":20},"end":{"line":21,"column":40}},"type":"binary-expr","locations":[{"start":{"line":21,"column":20},"end":{"line":21,"column":28}},{"start":{"line":21,"column":32},"end":{"line":21,"column":40}}],"line":21},"4":{"loc":{"start":{"line":22,"column":4},"end":{"line":24,"column":5}},"type":"if","locations":[{"start":{"line":22,"column":4},"end":{"line":24,"column":5}},{"start":{},"end":{}}],"line":22},"5":{"loc":{"start":{"line":22,"column":8},"end":{"line":22,"column":30}},"type":"binary-expr","locations":[{"start":{"line":22,"column":8},"end":{"line":22,"column":15}},{"start":{"line":22,"column":19},"end":{"line":22,"column":30}}],"line":22},"6":{"loc":{"start":{"line":25,"column":4},"end":{"line":33,"column":5}},"type":"if","locations":[{"start":{"line":25,"column":4},"end":{"line":33,"column":5}},{"start":{},"end":{}}],"line":25},"7":{"loc":{"start":{"line":34,"column":4},"end":{"line":36,"column":5}},"type":"if","locations":[{"start":{"line":34,"column":4},"end":{"line":36,"column":5}},{"start":{},"end":{}}],"line":34},"8":{"loc":{"start":{"line":37,"column":4},"end":{"line":39,"column":5}},"type":"if","locations":[{"start":{"line":37,"column":4},"end":{"line":39,"column":5}},{"start":{},"end":{}}],"line":37}},"s":{"0":1,"1":7,"2":7,"3":0,"4":1,"5":7,"6":0,"7":7,"8":7,"9":7,"10":7,"11":35,"12":35,"13":35,"14":35,"15":35,"16":7,"17":28,"18":7,"19":21,"20":14,"21":7,"22":7,"23":0,"24":7},"f":{"0":7,"1":7,"2":35},"b":{"0":[7,0],"1":[0,7],"2":[7,0],"3":[35,28],"4":[7,28],"5":[35,14],"6":[7,21],"7":[14,7],"8":[7,0]},"_coverageSchema":"1a1c01bbd47fc00a2c39e90264f33305004495a9","hash":"11eb650ecb32543b9adb7fdf26b3abcef2c5e7b0"}
,"C:\\Users\\79192\\Desktop\\Project Difference Calculator\\qa-auto-engineer-javascript-project-87\\src\\gendiff.js": {"path":"C:\\Users\\79192\\Desktop\\Project Difference Calculator\\qa-auto-engineer-javascript-project-87\\src\\gendiff.js","statementMap":{"0":{"start":{"line":8,"column":22},"end":{"line":8,"column":73}},"1":{"start":{"line":8,"column":36},"end":{"line":8,"column":73}},"2":{"start":{"line":10,"column":22},"end":{"line":10,"column":67}},"3":{"start":{"line":10,"column":36},"end":{"line":10,"column":67}},"4":{"start":{"line":12,"column":16},"end":{"line":12,"column":100}},"5":{"start":{"line":12,"column":30},"end":{"line":12,"column":100}},"6":{"start":{"line":14,"column":16},"end":{"line":20,"column":1}},"7":{"start":{"line":15,"column":15},"end":{"line":15,"column":50}},"8":{"start":{"line":16,"column":15},"end":{"line":16,"column":50}},"9":{"start":{"line":17,"column":22},"end":{"line":17,"column":48}},"10":{"start":{"line":19,"column":2},"end":{"line":19,"column":47}}},"fnMap":{"0":{"name":"(anonymous_0)","decl":{"start":{"line":8,"column":22},"end":{"line":8,"column":23}},"loc":{"start":{"line":8,"column":36},"end":{"line":8,"column":73}},"line":8},"1":{"name":"(anonymous_1)","decl":{"start":{"line":10,"column":22},"end":{"line":10,"column":23}},"loc":{"start":{"line":10,"column":36},"end":{"line":10,"column":67}},"line":10},"2":{"name":"(anonymous_2)","decl":{"start":{"line":12,"column":16},"end":{"line":12,"column":17}},"loc":{"start":{"line":12,"column":30},"end":{"line":12,"column":100}},"line":12},"3":{"name":"(anonymous_3)","decl":{"start":{"line":14,"column":16},"end":{"line":14,"column":17}},"loc":{"start":{"line":14,"column":72},"end":{"line":20,"column":1}},"line":14}},"branchMap":{"0":{"loc":{"start":{"line":14,"column":43},"end":{"line":14,"column":67}},"type":"default-arg","locations":[{"start":{"line":14,"column":58},"end":{"line":14,"column":67}}],"line":14}},"s":{"0":1,"1":15,"2":1,"3":15,"4":1,"5":15,"6":1,"7":8,"8":7,"9":7,"10":7},"f":{"0":15,"1":15,"2":15,"3":8},"b":{"0":[4]},"_coverageSchema":"1a1c01bbd47fc00a2c39e90264f33305004495a9","hash":"8dfa3b1148a8ff38f4c7a0f8dd6659e3634f6f17"}
,"C:\\Users\\79192\\Desktop\\Project Difference Calculator\\qa-auto-engineer-javascript-project-87\\src\\parsers.js": {"path":"C:\\Users\\79192\\Desktop\\Project Difference Calculator\\qa-auto-engineer-javascript-project-87\\src\\parsers.js","statementMap":{"0":{"start":{"line":3,"column":16},"end":{"line":7,"column":1}},"1":{"start":{"line":9,"column":18},"end":{"line":18,"column":1}},"2":{"start":{"line":10,"column":2},"end":{"line":17,"column":3}},"3":{"start":{"line":11,"column":4},"end":{"line":13,"column":5}},"4":{"start":{"line":12,"column":6},"end":{"line":12,"column":64}},"5":{"start":{"line":14,"column":4},"end":{"line":14,"column":35}},"6":{"start":{"line":16,"column":4},"end":{"line":16,"column":25}}},"fnMap":{"0":{"name":"(anonymous_0)","decl":{"start":{"line":9,"column":18},"end":{"line":9,"column":19}},"loc":{"start":{"line":9,"column":38},"end":{"line":18,"column":1}},"line":9}},"branchMap":{"0":{"loc":{"start":{"line":11,"column":4},"end":{"line":13,"column":5}},"type":"if","locations":[{"start":{"line":11,"column":4},"end":{"line":13,"column":5}},{"start":{},"end":{}}],"line":11}},"s":{"0":1,"1":1,"2":15,"3":15,"4":1,"5":14,"6":1},"f":{"0":15},"b":{"0":[1,14]},"_coverageSchema":"1a1c01bbd47fc00a2c39e90264f33305004495a9","hash":"84b838032dadbbeeac86acf5048e8bfee806f7c5"}
,"C:\\Users\\79192\\Desktop\\Project Difference Calculator\\qa-auto-engineer-javascript-project-87\\src\\formatters\\index.js": {"path":"C:\\Users\\79192\\Desktop\\Project Difference Calculator\\qa-auto-engineer-javascript-project-87\\src\\formatters\\index.js","statementMap":{"0":{"start":{"line":5,"column":19},"end":{"line":9,"column":1}},"1":{"start":{"line":11,"column":19},"end":{"line":16,"column":1}},"2":{"start":{"line":12,"column":2},"end":{"line":14,"column":3}},"3":{"start":{"line":13,"column":4},"end":{"line":13,"column":62}},"4":{"start":{"line":15,"column":2},"end":{"line":15,"column":34}}},"fnMap":{"0":{"name":"(anonymous_0)","decl":{"start":{"line":11,"column":19},"end":{"line":11,"column":20}},"loc":{"start":{"line":11,"column":37},"end":{"line":16,"column":1}},"line":11}},"branchMap":{"0":{"loc":{"start":{"line":12,"column":2},"end":{"line":14,"column":3}},"type":"if","locations":[{"start":{"line":12,"column":2},"end":{"line":14,"column":3}},{"start":{},"end":{}}],"line":12}},"s":{"0":1,"1":1,"2":7,"3":1,"4":6},"f":{"0":7},"b":{"0":[1,6]},"_coverageSchema":"1a1c01bbd47fc00a2c39e90264f33305004495a9","hash":"51ed3f654fb2106c55d2ba00919191c6fc179161"}
,"C:\\Users\\79192\\Desktop\\Project Difference Calculator\\qa-auto-engineer-javascript-project-87\\src\\formatters\\json.js": {"path":"C:\\Users\\79192\\Desktop\\Project Difference Calculator\\qa-auto-engineer-javascript-project-87\\src\\formatters\\json.js","statementMap":{"0":{"start":{"line":1,"column":21},"end":{"line":7,"column":1}},"1":{"start":{"line":2,"column":2},"end":{"line":4,"column":3}},"2":{"start":{"line":3,"column":4},"end":{"line":3,"column":21}},"3":{"start":{"line":6,"column":2},"end":{"line":6,"column":30}}},"fnMap":{"0":{"name":"(anonymous_0)","decl":{"start":{"line":1,"column":21},"end":{"line":1,"column":22}},"loc":{"start":{"line":1,"column":31},"end":{"line":7,"column":1}},"line":1}},"branchMap":{"0":{"loc":{"start":{"line":2,"column":2},"end":{"line":4,"column":3}},"type":"if","locations":[{"start":{"line":2,"column":2},"end":{"line":4,"column":3}},{"start":{},"end":{}}],"line":2}},"s":{"0":1,"1":1,"2":0,"3":1},"f":{"0":1},"b":{"0":[0,1]},"_coverageSchema":"1a1c01bbd47fc00a2c39e90264f33305004495a9","hash":"ed68139db07768dfb4a1b5e2fdd2465c753009e4"}
,"C:\\Users\\79192\\Desktop\\Project Difference Calculator\\qa-auto-engineer-javascript-project-87\\src\\formatters\\plain.js": {"path":"C:\\Users\\79192\\Desktop\\Project Difference Calculator\\qa-auto-engineer-javascript-project-87\\src\\formatters\\plain.js","statementMap":{"0":{"start":{"line":1,"column":19},"end":{"line":14,"column":1}},"1":{"start":{"line":3,"column":4},"end":{"line":3,"column":14}},"2":{"start":{"line":6,"column":4},"end":{"line":6,"column":104}},"3":{"start":{"line":9,"column":4},"end":{"line":9,"column":43}},"4":{"start":{"line":12,"column":4},"end":{"line":12,"column":78}},"5":{"start":{"line":16,"column":22},"end":{"line":22,"column":1}},"6":{"start":{"line":17,"column":2},"end":{"line":19,"column":3}},"7":{"start":{"line":18,"column":4},"end":{"line":18,"column":21}},"8":{"start":{"line":20,"column":24},"end":{"line":20,"column":75}},"9":{"start":{"line":20,"column":47},"end":{"line":20,"column":74}},"10":{"start":{"line":21,"column":2},"end":{"line":21,"column":34}}},"fnMap":{"0":{"name":"(anonymous_0)","decl":{"start":{"line":2,"column":2},"end":{"line":2,"column":3}},"loc":{"start":{"line":2,"column":14},"end":{"line":4,"column":3}},"line":2},"1":{"name":"(anonymous_1)","decl":{"start":{"line":5,"column":2},"end":{"line":5,"column":3}},"loc":{"start":{"line":5,"column":35},"end":{"line":7,"column":3}},"line":5},"2":{"name":"(anonymous_2)","decl":{"start":{"line":8,"column":2},"end":{"line":8,"column":3}},"loc":{"start":{"line":8,"column":19},"end":{"line":10,"column":3}},"line":8},"3":{"name":"(anonymous_3)","decl":{"start":{"line":11,"column":2},"end":{"line":11,"column":3}},"loc":{"start":{"line":11,"column":24},"end":{"line":13,"column":3}},"line":11},"4":{"name":"(anonymous_4)","decl":{"start":{"line":16,"column":22},"end":{"line":16,"column":23}},"loc":{"start":{"line":16,"column":32},"end":{"line":22,"column":1}},"line":16},"5":{"name":"(anonymous_5)","decl":{"start":{"line":20,"column":37},"end":{"line":20,"column":38}},"loc":{"start":{"line":20,"column":47},"end":{"line":20,"column":74}},"line":20}},"branchMap":{"0":{"loc":{"start":{"line":17,"column":2},"end":{"line":19,"column":3}},"type":"if","locations":[{"start":{"line":17,"column":2},"end":{"line":19,"column":3}},{"start":{},"end":{}}],"line":17}},"s":{"0":1,"1":1,"2":1,"3":2,"4":1,"5":1,"6":1,"7":0,"8":1,"9":5,"10":1},"f":{"0":1,"1":1,"2":2,"3":1,"4":1,"5":5},"b":{"0":[0,1]},"_coverageSchema":"1a1c01bbd47fc00a2c39e90264f33305004495a9","hash":"2b5b852a7e01313affdedc50d6caec6d8a216cea"}
,"C:\\Users\\79192\\Desktop\\Project Difference Calculator\\qa-auto-engineer-javascript-project-87\\src\\formatters\\stylish.js": {"path":"C:\\Users\\79192\\Desktop\\Project Difference Calculator\\qa-auto-engineer-javascript-project-87\\src\\formatters\\stylish.js","statementMap":{"0":{"start":{"line":1,"column":21},"end":{"line":17,"column":1}},"1":{"start":{"line":3,"column":4},"end":{"line":3,"column":34}},"2":{"start":{"line":6,"column":4},"end":{"line":9,"column":6}},"3":{"start":{"line":12,"column":4},"end":{"line":12,"column":34}},"4":{"start":{"line":15,"column":4},"end":{"line":15,"column":34}},"5":{"start":{"line":19,"column":24},"end":{"line":26,"column":1}},"6":{"start":{"line":20,"column":2},"end":{"line":22,"column":3}},"7":{"start":{"line":21,"column":4},"end":{"line":21,"column":21}},"8":{"start":{"line":23,"column":24},"end":{"line":23,"column":77}},"9":{"start":{"line":23,"column":47},"end":{"line":23,"column":76}},"10":{"start":{"line":25,"column":2},"end":{"line":25,"column":49}}},"fnMap":{"0":{"name":"(anonymous_0)","decl":{"start":{"line":2,"column":2},"end":{"line":2,"column":3}},"loc":{"start":{"line":2,"column":28},"end":{"line":4,"column":3}},"line":2},"1":{"name":"(anonymous_1)","decl":{"start":{"line":5,"column":2},"end":{"line":5,"column":3}},"loc":{"start":{"line":5,"column":35},"end":{"line":10,"column":3}},"line":5},"2":{"name":"(anonymous_2)","decl":{"start":{"line":11,"column":2},"end":{"line":11,"column":3}},"loc":{"start":{"line":11,"column":26},"end":{"line":13,"column":3}},"line":11},"3":{"name":"(anonymous_3)","decl":{"start":{"line":14,"column":2},"end":{"line":14,"column":3}},"loc":{"start":{"line":14,"column":24},"end":{"line":16,"column":3}},"line":14},"4":{"name":"(anonymous_4)","decl":{"start":{"line":19,"column":24},"end":{"line":19,"column":25}},"loc":{"start":{"line":19,"column":34},"end":{"line":26,"column":1}},"line":19},"5":{"name":"(anonymous_5)","decl":{"start":{"line":23,"column":37},"end":{"line":23,"column":38}},"loc":{"start":{"line":23,"column":47},"end":{"line":23,"column":76}},"line":23}},"branchMap":{"0":{"loc":{"start":{"line":20,"column":2},"end":{"line":22,"column":3}},"type":"if","locations":[{"start":{"line":20,"column":2},"end":{"line":22,"column":3}},{"start":{},"end":{}}],"line":20}},"s":{"0":1,"1":4,"2":4,"3":8,"4":4,"5":1,"6":4,"7":0,"8":4,"9":20,"10":4},"f":{"0":4,"1":4,"2":8,"3":4,"4":4,"5":20},"b":{"0":[0,4]},"_coverageSchema":"1a1c01bbd47fc00a2c39e90264f33305004495a9","hash":"ea7977c40e3dbc5c41c390a3125a20bdec230a5f"}
}
