TN:
SF:src\compare-objects.js
FN:3,(anonymous_0)
FN:10,(anonymous_1)
FN:17,(anonymous_2)
FNF:3
FNH:3
FNDA:7,(anonymous_0)
FNDA:7,(anonymous_1)
FNDA:35,(anonymous_2)
DA:3,1
DA:4,7
DA:5,7
DA:7,0
DA:10,1
DA:11,7
DA:12,0
DA:14,7
DA:15,7
DA:16,7
DA:17,7
DA:18,35
DA:19,35
DA:20,35
DA:21,35
DA:22,35
DA:23,7
DA:25,28
DA:26,7
DA:34,21
DA:35,14
DA:37,7
DA:38,7
DA:40,0
DA:42,7
LF:25
LH:22
BRDA:4,0,0,7
BRDA:4,0,1,0
BRDA:11,1,0,0
BRDA:11,1,1,7
BRDA:11,2,0,7
BRDA:11,2,1,0
BRDA:21,3,0,35
BRDA:21,3,1,28
BRDA:22,4,0,7
BRDA:22,4,1,28
BRDA:22,5,0,35
BRDA:22,5,1,14
BRDA:25,6,0,7
BRDA:25,6,1,21
BRDA:34,7,0,14
BRDA:34,7,1,7
BRDA:37,8,0,7
BRDA:37,8,1,0
BRF:18
BRH:14
end_of_record
TN:
SF:src\gendiff.js
FN:8,(anonymous_0)
FN:10,(anonymous_1)
FN:12,(anonymous_2)
FN:14,(anonymous_3)
FNF:4
FNH:4
FNDA:15,(anonymous_0)
FNDA:15,(anonymous_1)
FNDA:15,(anonymous_2)
FNDA:8,(anonymous_3)
DA:8,15
DA:10,15
DA:12,15
DA:14,1
DA:15,8
DA:16,7
DA:17,7
DA:19,7
LF:8
LH:8
BRDA:14,0,0,4
BRF:1
BRH:1
end_of_record
TN:
SF:src\parsers.js
FN:9,(anonymous_0)
FNF:1
FNH:1
FNDA:15,(anonymous_0)
DA:3,1
DA:9,1
DA:10,15
DA:11,15
DA:12,1
DA:14,14
DA:16,1
LF:7
LH:7
BRDA:11,0,0,1
BRDA:11,0,1,14
BRF:2
BRH:2
end_of_record
TN:
SF:src\formatters\index.js
FN:11,(anonymous_0)
FNF:1
FNH:1
FNDA:7,(anonymous_0)
DA:5,1
DA:11,1
DA:12,7
DA:13,1
DA:15,6
LF:5
LH:5
BRDA:12,0,0,1
BRDA:12,0,1,6
BRF:2
BRH:2
end_of_record
TN:
SF:src\formatters\json.js
FN:1,(anonymous_0)
FNF:1
FNH:1
FNDA:1,(anonymous_0)
DA:1,1
DA:2,1
DA:3,0
DA:6,1
LF:4
LH:3
BRDA:2,0,0,0
BRDA:2,0,1,1
BRF:2
BRH:1
end_of_record
TN:
SF:src\formatters\plain.js
FN:2,(anonymous_0)
FN:5,(anonymous_1)
FN:8,(anonymous_2)
FN:11,(anonymous_3)
FN:16,(anonymous_4)
FN:20,(anonymous_5)
FNF:6
FNH:6
FNDA:1,(anonymous_0)
FNDA:1,(anonymous_1)
FNDA:2,(anonymous_2)
FNDA:1,(anonymous_3)
FNDA:1,(anonymous_4)
FNDA:5,(anonymous_5)
DA:1,1
DA:3,1
DA:6,1
DA:9,2
DA:12,1
DA:16,1
DA:17,1
DA:18,0
DA:20,5
DA:21,1
LF:10
LH:9
BRDA:17,0,0,0
BRDA:17,0,1,1
BRF:2
BRH:1
end_of_record
TN:
SF:src\formatters\stylish.js
FN:2,(anonymous_0)
FN:5,(anonymous_1)
FN:11,(anonymous_2)
FN:14,(anonymous_3)
FN:19,(anonymous_4)
FN:23,(anonymous_5)
FNF:6
FNH:6
FNDA:4,(anonymous_0)
FNDA:4,(anonymous_1)
FNDA:8,(anonymous_2)
FNDA:4,(anonymous_3)
FNDA:4,(anonymous_4)
FNDA:20,(anonymous_5)
DA:1,1
DA:3,4
DA:6,4
DA:12,8
DA:15,4
DA:19,1
DA:20,4
DA:21,0
DA:23,20
DA:25,4
LF:10
LH:9
BRDA:20,0,0,0
BRDA:20,0,1,4
BRF:2
BRH:1
end_of_record
